<?xml version="1.0" encoding="UTF-8"?>
<!-- Generated by org.testng.reporters.JUnitReportReporter -->
<testsuite hostname="Lenovo" failures="0" tests="1" name="com.crm.SDET25_SampleGitPractice.SampleGitPractice.AppTest" time="0.043" errors="0" timestamp="2021-12-18T17:31:15 IST" skipped="0">
  <testcase classname="com.crm.SDET25_SampleGitPractice.SampleGitPractice.AppTest" name="shouldAnswerWithTrue" time="0.043"/>
  <system-out/>
</testsuite> <!-- com.crm.SDET25_SampleGitPractice.SampleGitPractice.AppTest -->
